RUN	computerdatabase.BasicSimulation		basicsimulation	1490109513300	 	2.0
USER	Scenario Name	1	START	1490109514182	1490109514182
USER	Scenario Name	2	START	1490109514223	1490109514223
USER	Scenario Name	3	START	1490109514225	1490109514225
USER	Scenario Name	4	START	1490109514231	1490109514231
REQUEST	Scenario Name	4		request_1	1490109514232	1490109514257	OK	 
REQUEST	Scenario Name	1		request_1	1490109514214	1490109514253	OK	 
REQUEST	Scenario Name	2		request_1	1490109514223	1490109514254	OK	 
REQUEST	Scenario Name	3		request_1	1490109514227	1490109514260	OK	 
REQUEST	Scenario Name	3		request_1 Redirect 1	1490109514271	1490109514278	OK	 
REQUEST	Scenario Name	1		request_1 Redirect 1	1490109514271	1490109514277	OK	 
REQUEST	Scenario Name	4		request_1 Redirect 1	1490109514269	1490109514279	OK	 
REQUEST	Scenario Name	2		request_1 Redirect 1	1490109514272	1490109514288	OK	 
REQUEST	Scenario Name	1		request_2	1490109521292	1490109521304	OK	 
REQUEST	Scenario Name	4		request_2	1490109521302	1490109521312	OK	 
REQUEST	Scenario Name	2		request_2	1490109521302	1490109521315	OK	 
REQUEST	Scenario Name	3		request_2	1490109521305	1490109521319	OK	 
REQUEST	Scenario Name	4		request_3	1490109523312	1490109523319	OK	 
REQUEST	Scenario Name	1		request_3	1490109523312	1490109523323	OK	 
REQUEST	Scenario Name	3		request_3	1490109523312	1490109523323	OK	 
REQUEST	Scenario Name	2		request_3	1490109523322	1490109523329	OK	 
REQUEST	Scenario Name	4		request_4	1490109526312	1490109526317	OK	 
REQUEST	Scenario Name	4		request_4 Redirect 1	1490109526317	1490109526323	OK	 
REQUEST	Scenario Name	3		request_4	1490109526322	1490109526326	OK	 
REQUEST	Scenario Name	1		request_4	1490109526322	1490109526327	OK	 
REQUEST	Scenario Name	3		request_4 Redirect 1	1490109526327	1490109526331	OK	 
REQUEST	Scenario Name	1		request_4 Redirect 1	1490109526327	1490109526332	OK	 
REQUEST	Scenario Name	2		request_4	1490109526332	1490109526337	OK	 
REQUEST	Scenario Name	2		request_4 Redirect 1	1490109526337	1490109526342	OK	 
REQUEST	Scenario Name	4		request_5	1490109528322	1490109528328	OK	 
REQUEST	Scenario Name	1		request_5	1490109528322	1490109528329	OK	 
REQUEST	Scenario Name	3		request_5	1490109528332	1490109528337	OK	 
REQUEST	Scenario Name	2		request_5	1490109528342	1490109528348	OK	 
REQUEST	Scenario Name	4		request_6	1490109529002	1490109529007	OK	 
REQUEST	Scenario Name	2		request_6	1490109529012	1490109529017	OK	 
REQUEST	Scenario Name	1		request_6	1490109529012	1490109529018	OK	 
REQUEST	Scenario Name	3		request_6	1490109529013	1490109529019	OK	 
REQUEST	Scenario Name	3		request_7	1490109529642	1490109529648	OK	 
REQUEST	Scenario Name	4		request_7	1490109529642	1490109529650	OK	 
REQUEST	Scenario Name	1		request_7	1490109529642	1490109529648	OK	 
REQUEST	Scenario Name	2		request_7	1490109529652	1490109529657	OK	 
REQUEST	Scenario Name	1		request_8	1490109530382	1490109530388	OK	 
REQUEST	Scenario Name	3		request_8	1490109530382	1490109530389	OK	 
REQUEST	Scenario Name	4		request_8	1490109530382	1490109530390	OK	 
REQUEST	Scenario Name	2		request_8	1490109530392	1490109530397	OK	 
REQUEST	Scenario Name	3		request_9	1490109535393	1490109535404	OK	 
REQUEST	Scenario Name	4		request_9	1490109535395	1490109535405	OK	 
REQUEST	Scenario Name	2		request_9	1490109535395	1490109535406	OK	 
REQUEST	Scenario Name	1		request_9	1490109535392	1490109535406	OK	 
REQUEST	Scenario Name	4		request_10	1490109536407	1490109536416	OK	 
REQUEST	Scenario Name	1		request_10	1490109536408	1490109536417	OK	 
REQUEST	Scenario Name	3		request_10	1490109536407	1490109536416	OK	 
REQUEST	Scenario Name	2		request_10	1490109536408	1490109536416	OK	 
REQUEST	Scenario Name	2		request_10 Redirect 1	1490109536424	1490109536434	OK	 
REQUEST	Scenario Name	3		request_10 Redirect 1	1490109536424	1490109536430	OK	 
REQUEST	Scenario Name	1		request_10 Redirect 1	1490109536423	1490109536434	OK	 
REQUEST	Scenario Name	4		request_10 Redirect 1	1490109536425	1490109536433	OK	 
REQUEST	Scenario Name	2		request_1	1490109536447	1490109536451	OK	 
REQUEST	Scenario Name	1		request_1	1490109536448	1490109536452	OK	 
REQUEST	Scenario Name	4		request_1	1490109536449	1490109536454	OK	 
REQUEST	Scenario Name	3		request_1	1490109536447	1490109536454	OK	 
REQUEST	Scenario Name	2		request_1 Redirect 1	1490109536451	1490109536457	OK	 
REQUEST	Scenario Name	1		request_1 Redirect 1	1490109536452	1490109536458	OK	 
REQUEST	Scenario Name	4		request_1 Redirect 1	1490109536454	1490109536459	OK	 
REQUEST	Scenario Name	3		request_1 Redirect 1	1490109536455	1490109536460	OK	 
REQUEST	Scenario Name	4		request_2	1490109543442	1490109543456	OK	 
REQUEST	Scenario Name	3		request_2	1490109543442	1490109543457	OK	 
REQUEST	Scenario Name	1		request_2	1490109543442	1490109543457	OK	 
REQUEST	Scenario Name	2		request_2	1490109543452	1490109543461	OK	 
REQUEST	Scenario Name	2		request_3	1490109545452	1490109545459	OK	 
REQUEST	Scenario Name	4		request_3	1490109545461	1490109545467	OK	 
REQUEST	Scenario Name	1		request_3	1490109545461	1490109545468	OK	 
REQUEST	Scenario Name	3		request_3	1490109545462	1490109545469	OK	 
REQUEST	Scenario Name	1		request_4	1490109548462	1490109548467	OK	 
REQUEST	Scenario Name	3		request_4	1490109548462	1490109548468	OK	 
REQUEST	Scenario Name	2		request_4	1490109548462	1490109548467	OK	 
REQUEST	Scenario Name	4		request_4	1490109548462	1490109548468	OK	 
REQUEST	Scenario Name	4		request_4 Redirect 1	1490109548469	1490109548475	OK	 
REQUEST	Scenario Name	1		request_4 Redirect 1	1490109548468	1490109548476	OK	 
REQUEST	Scenario Name	3		request_4 Redirect 1	1490109548468	1490109548476	OK	 
REQUEST	Scenario Name	2		request_4 Redirect 1	1490109548469	1490109548474	OK	 
REQUEST	Scenario Name	3		request_5	1490109550482	1490109550489	OK	 
REQUEST	Scenario Name	2		request_5	1490109550482	1490109550490	OK	 
REQUEST	Scenario Name	4		request_5	1490109550482	1490109550491	OK	 
REQUEST	Scenario Name	1		request_5	1490109550483	1490109550491	OK	 
REQUEST	Scenario Name	1		request_6	1490109551152	1490109551160	OK	 
REQUEST	Scenario Name	2		request_6	1490109551152	1490109551160	OK	 
REQUEST	Scenario Name	4		request_6	1490109551152	1490109551161	OK	 
REQUEST	Scenario Name	3		request_6	1490109551152	1490109551161	OK	 
REQUEST	Scenario Name	2		request_7	1490109551792	1490109551798	OK	 
REQUEST	Scenario Name	1		request_7	1490109551792	1490109551798	OK	 
REQUEST	Scenario Name	4		request_7	1490109551793	1490109551799	OK	 
REQUEST	Scenario Name	3		request_7	1490109551801	1490109551806	OK	 
REQUEST	Scenario Name	4		request_8	1490109552532	1490109552544	OK	 
REQUEST	Scenario Name	1		request_8	1490109552532	1490109552544	OK	 
REQUEST	Scenario Name	2		request_8	1490109552532	1490109552545	OK	 
REQUEST	Scenario Name	3		request_8	1490109552532	1490109552545	OK	 
REQUEST	Scenario Name	3		request_9	1490109557552	1490109557564	OK	 
REQUEST	Scenario Name	4		request_9	1490109557553	1490109557564	OK	 
REQUEST	Scenario Name	1		request_9	1490109557552	1490109557565	OK	 
REQUEST	Scenario Name	2		request_9	1490109557553	1490109557565	OK	 
REQUEST	Scenario Name	2		request_10	1490109558562	1490109558571	OK	 
REQUEST	Scenario Name	4		request_10	1490109558562	1490109558572	OK	 
REQUEST	Scenario Name	1		request_10	1490109558562	1490109558572	OK	 
REQUEST	Scenario Name	3		request_10	1490109558566	1490109558573	OK	 
REQUEST	Scenario Name	1		request_10 Redirect 1	1490109558572	1490109558578	OK	 
REQUEST	Scenario Name	3		request_10 Redirect 1	1490109558574	1490109558580	OK	 
REQUEST	Scenario Name	4		request_10 Redirect 1	1490109558572	1490109558582	OK	 
REQUEST	Scenario Name	2		request_10 Redirect 1	1490109558573	1490109558580	OK	 
REQUEST	Scenario Name	2		request_1	1490109558612	1490109558617	OK	 
REQUEST	Scenario Name	3		request_1	1490109558612	1490109558617	OK	 
REQUEST	Scenario Name	4		request_1	1490109558613	1490109558618	OK	 
REQUEST	Scenario Name	1		request_1	1490109558612	1490109558618	OK	 
REQUEST	Scenario Name	3		request_1 Redirect 1	1490109558618	1490109558623	OK	 
REQUEST	Scenario Name	4		request_1 Redirect 1	1490109558618	1490109558624	OK	 
REQUEST	Scenario Name	2		request_1 Redirect 1	1490109558617	1490109558625	OK	 
REQUEST	Scenario Name	1		request_1 Redirect 1	1490109558618	1490109558625	OK	 
REQUEST	Scenario Name	3		request_2	1490109565622	1490109565635	OK	 
REQUEST	Scenario Name	2		request_2	1490109565624	1490109565636	OK	 
REQUEST	Scenario Name	4		request_2	1490109565623	1490109565637	OK	 
REQUEST	Scenario Name	1		request_2	1490109565631	1490109565641	OK	 
REQUEST	Scenario Name	3		request_3	1490109567632	1490109567638	OK	 
REQUEST	Scenario Name	2		request_3	1490109567632	1490109567639	OK	 
REQUEST	Scenario Name	4		request_3	1490109567642	1490109567647	OK	 
REQUEST	Scenario Name	1		request_3	1490109567642	1490109567648	OK	 
REQUEST	Scenario Name	2		request_4	1490109570632	1490109570637	OK	 
REQUEST	Scenario Name	2		request_4 Redirect 1	1490109570638	1490109570643	OK	 
REQUEST	Scenario Name	1		request_4	1490109570642	1490109570646	OK	 
REQUEST	Scenario Name	4		request_4	1490109570641	1490109570646	OK	 
REQUEST	Scenario Name	3		request_4	1490109570641	1490109570647	OK	 
REQUEST	Scenario Name	3		request_4 Redirect 1	1490109570647	1490109570653	OK	 
REQUEST	Scenario Name	1		request_4 Redirect 1	1490109570646	1490109570654	OK	 
REQUEST	Scenario Name	4		request_4 Redirect 1	1490109570647	1490109570654	OK	 
REQUEST	Scenario Name	3		request_5	1490109572652	1490109572658	OK	 
REQUEST	Scenario Name	2		request_5	1490109572652	1490109572659	OK	 
REQUEST	Scenario Name	4		request_5	1490109572662	1490109572667	OK	 
REQUEST	Scenario Name	1		request_5	1490109572662	1490109572668	OK	 
REQUEST	Scenario Name	2		request_6	1490109573322	1490109573329	OK	 
REQUEST	Scenario Name	4		request_6	1490109573332	1490109573338	OK	 
REQUEST	Scenario Name	3		request_6	1490109573332	1490109573339	OK	 
REQUEST	Scenario Name	1		request_6	1490109573332	1490109573339	OK	 
REQUEST	Scenario Name	3		request_7	1490109573963	1490109573968	OK	 
REQUEST	Scenario Name	4		request_7	1490109573962	1490109573969	OK	 
REQUEST	Scenario Name	1		request_7	1490109573963	1490109573973	OK	 
REQUEST	Scenario Name	2		request_7	1490109573962	1490109573974	OK	 
REQUEST	Scenario Name	3		request_8	1490109574702	1490109574708	OK	 
REQUEST	Scenario Name	4		request_8	1490109574702	1490109574709	OK	 
REQUEST	Scenario Name	1		request_8	1490109574712	1490109574717	OK	 
REQUEST	Scenario Name	2		request_8	1490109574712	1490109574718	OK	 
REQUEST	Scenario Name	2		request_9	1490109579712	1490109579717	OK	 
REQUEST	Scenario Name	3		request_9	1490109579712	1490109579720	OK	 
REQUEST	Scenario Name	4		request_9	1490109579712	1490109579722	OK	 
REQUEST	Scenario Name	1		request_9	1490109579721	1490109579731	OK	 
REQUEST	Scenario Name	3		request_10	1490109580722	1490109580729	OK	 
REQUEST	Scenario Name	2		request_10	1490109580722	1490109580729	OK	 
REQUEST	Scenario Name	1		request_10	1490109580722	1490109580730	OK	 
REQUEST	Scenario Name	4		request_10	1490109580731	1490109580738	OK	 
REQUEST	Scenario Name	3		request_10 Redirect 1	1490109580729	1490109580739	OK	 
REQUEST	Scenario Name	2		request_10 Redirect 1	1490109580730	1490109580738	OK	 
REQUEST	Scenario Name	1		request_10 Redirect 1	1490109580730	1490109580741	OK	 
REQUEST	Scenario Name	3		request_1	1490109580740	1490109580744	OK	 
REQUEST	Scenario Name	4		request_10 Redirect 1	1490109580739	1490109580744	OK	 
REQUEST	Scenario Name	2		request_1	1490109580741	1490109580745	OK	 
REQUEST	Scenario Name	1		request_1	1490109580742	1490109580746	OK	 
REQUEST	Scenario Name	3		request_1 Redirect 1	1490109580744	1490109580749	OK	 
REQUEST	Scenario Name	4		request_1	1490109580745	1490109580750	OK	 
REQUEST	Scenario Name	2		request_1 Redirect 1	1490109580745	1490109580751	OK	 
REQUEST	Scenario Name	1		request_1 Redirect 1	1490109580746	1490109580752	OK	 
REQUEST	Scenario Name	4		request_1 Redirect 1	1490109580750	1490109580756	OK	 
REQUEST	Scenario Name	3		request_2	1490109587742	1490109587752	OK	 
REQUEST	Scenario Name	2		request_2	1490109587752	1490109587761	OK	 
REQUEST	Scenario Name	4		request_2	1490109587752	1490109587763	OK	 
REQUEST	Scenario Name	1		request_2	1490109587762	1490109587773	OK	 
REQUEST	Scenario Name	2		request_3	1490109589752	1490109589758	OK	 
REQUEST	Scenario Name	3		request_3	1490109589752	1490109589759	OK	 
REQUEST	Scenario Name	4		request_3	1490109589762	1490109589767	OK	 
REQUEST	Scenario Name	1		request_3	1490109589772	1490109589777	OK	 
REQUEST	Scenario Name	2		request_4	1490109592762	1490109592767	OK	 
REQUEST	Scenario Name	4		request_4	1490109592762	1490109592767	OK	 
REQUEST	Scenario Name	3		request_4	1490109592762	1490109592767	OK	 
REQUEST	Scenario Name	2		request_4 Redirect 1	1490109592767	1490109592773	OK	 
REQUEST	Scenario Name	4		request_4 Redirect 1	1490109592767	1490109592773	OK	 
REQUEST	Scenario Name	3		request_4 Redirect 1	1490109592768	1490109592774	OK	 
REQUEST	Scenario Name	1		request_4	1490109592772	1490109592776	OK	 
REQUEST	Scenario Name	1		request_4 Redirect 1	1490109592776	1490109592781	OK	 
REQUEST	Scenario Name	4		request_5	1490109594783	1490109594789	OK	 
REQUEST	Scenario Name	2		request_5	1490109594782	1490109594790	OK	 
REQUEST	Scenario Name	1		request_5	1490109594782	1490109594791	OK	 
REQUEST	Scenario Name	3		request_5	1490109594782	1490109594791	OK	 
REQUEST	Scenario Name	3		request_6	1490109595452	1490109595458	OK	 
REQUEST	Scenario Name	2		request_6	1490109595452	1490109595459	OK	 
REQUEST	Scenario Name	4		request_6	1490109595452	1490109595459	OK	 
REQUEST	Scenario Name	1		request_6	1490109595462	1490109595469	OK	 
REQUEST	Scenario Name	4		request_7	1490109596082	1490109596088	OK	 
REQUEST	Scenario Name	2		request_7	1490109596091	1490109596097	OK	 
REQUEST	Scenario Name	3		request_7	1490109596091	1490109596098	OK	 
REQUEST	Scenario Name	1		request_7	1490109596091	1490109596098	OK	 
REQUEST	Scenario Name	3		request_8	1490109596832	1490109596839	OK	 
REQUEST	Scenario Name	4		request_8	1490109596832	1490109596839	OK	 
REQUEST	Scenario Name	1		request_8	1490109596832	1490109596840	OK	 
REQUEST	Scenario Name	2		request_8	1490109596832	1490109596841	OK	 
REQUEST	Scenario Name	2		request_9	1490109601831	1490109601838	OK	 
REQUEST	Scenario Name	4		request_9	1490109601831	1490109601839	OK	 
REQUEST	Scenario Name	1		request_9	1490109601841	1490109601851	OK	 
REQUEST	Scenario Name	3		request_9	1490109601841	1490109601852	OK	 
REQUEST	Scenario Name	2		request_10	1490109602843	1490109602849	OK	 
REQUEST	Scenario Name	4		request_10	1490109602843	1490109602850	OK	 
REQUEST	Scenario Name	2		request_10 Redirect 1	1490109602849	1490109602855	OK	 
REQUEST	Scenario Name	3		request_10	1490109602851	1490109602856	OK	 
REQUEST	Scenario Name	4		request_10 Redirect 1	1490109602850	1490109602856	OK	 
REQUEST	Scenario Name	2		request_1	1490109602856	1490109602859	OK	 
REQUEST	Scenario Name	3		request_10 Redirect 1	1490109602856	1490109602861	OK	 
REQUEST	Scenario Name	2		request_1 Redirect 1	1490109602859	1490109602864	OK	 
REQUEST	Scenario Name	3		request_1	1490109602862	1490109602866	OK	 
REQUEST	Scenario Name	1		request_10	1490109602861	1490109602867	OK	 
REQUEST	Scenario Name	3		request_1 Redirect 1	1490109602867	1490109602872	OK	 
REQUEST	Scenario Name	1		request_10 Redirect 1	1490109602867	1490109602873	OK	 
REQUEST	Scenario Name	1		request_1	1490109602873	1490109602878	OK	 
REQUEST	Scenario Name	1		request_1 Redirect 1	1490109602878	1490109602884	OK	 
REQUEST	Scenario Name	4		request_1	1490109602882	1490109602886	OK	 
REQUEST	Scenario Name	4		request_1 Redirect 1	1490109602886	1490109602891	OK	 
REQUEST	Scenario Name	2		request_2	1490109609872	1490109609883	OK	 
REQUEST	Scenario Name	3		request_2	1490109609872	1490109609884	OK	 
REQUEST	Scenario Name	1		request_2	1490109609882	1490109609891	OK	 
REQUEST	Scenario Name	4		request_2	1490109609892	1490109609901	OK	 
REQUEST	Scenario Name	2		request_3	1490109611881	1490109611888	OK	 
REQUEST	Scenario Name	1		request_3	1490109611881	1490109611889	OK	 
REQUEST	Scenario Name	3		request_3	1490109611891	1490109611896	OK	 
REQUEST	Scenario Name	4		request_3	1490109611901	1490109611907	OK	 
REQUEST	Scenario Name	2		request_4	1490109614891	1490109614896	OK	 
REQUEST	Scenario Name	3		request_4	1490109614892	1490109614897	OK	 
REQUEST	Scenario Name	1		request_4	1490109614891	1490109614900	OK	 
REQUEST	Scenario Name	2		request_4 Redirect 1	1490109614897	1490109614902	OK	 
REQUEST	Scenario Name	3		request_4 Redirect 1	1490109614897	1490109614904	OK	 
REQUEST	Scenario Name	1		request_4 Redirect 1	1490109614900	1490109614905	OK	 
REQUEST	Scenario Name	4		request_4	1490109614911	1490109614916	OK	 
REQUEST	Scenario Name	4		request_4 Redirect 1	1490109614916	1490109614921	OK	 
REQUEST	Scenario Name	2		request_5	1490109616902	1490109616908	OK	 
REQUEST	Scenario Name	3		request_5	1490109616902	1490109616909	OK	 
REQUEST	Scenario Name	4		request_5	1490109616912	1490109616917	OK	 
REQUEST	Scenario Name	1		request_5	1490109616912	1490109616918	OK	 
REQUEST	Scenario Name	2		request_6	1490109617571	1490109617577	OK	 
REQUEST	Scenario Name	3		request_6	1490109617581	1490109617587	OK	 
REQUEST	Scenario Name	1		request_6	1490109617591	1490109617597	OK	 
REQUEST	Scenario Name	4		request_6	1490109617591	1490109617598	OK	 
REQUEST	Scenario Name	2		request_7	1490109618212	1490109618217	OK	 
REQUEST	Scenario Name	3		request_7	1490109618212	1490109618218	OK	 
REQUEST	Scenario Name	1		request_7	1490109618222	1490109618227	OK	 
REQUEST	Scenario Name	4		request_7	1490109618232	1490109618238	OK	 
REQUEST	Scenario Name	2		request_8	1490109618952	1490109618958	OK	 
REQUEST	Scenario Name	3		request_8	1490109618952	1490109618958	OK	 
REQUEST	Scenario Name	1		request_8	1490109618962	1490109618967	OK	 
REQUEST	Scenario Name	4		request_8	1490109618972	1490109618977	OK	 
REQUEST	Scenario Name	2		request_9	1490109623952	1490109623957	OK	 
REQUEST	Scenario Name	3		request_9	1490109623962	1490109623970	OK	 
REQUEST	Scenario Name	4		request_9	1490109623972	1490109623977	OK	 
REQUEST	Scenario Name	1		request_9	1490109623972	1490109623980	OK	 
REQUEST	Scenario Name	3		request_10	1490109624961	1490109624968	OK	 
REQUEST	Scenario Name	2		request_10	1490109624961	1490109624969	OK	 
REQUEST	Scenario Name	2		request_10 Redirect 1	1490109624970	1490109624975	OK	 
REQUEST	Scenario Name	1		request_10	1490109624971	1490109624976	OK	 
REQUEST	Scenario Name	3		request_10 Redirect 1	1490109624969	1490109624977	OK	 
REQUEST	Scenario Name	2		request_1	1490109624977	1490109624980	OK	 
REQUEST	Scenario Name	3		request_1	1490109624977	1490109624982	OK	 
REQUEST	Scenario Name	1		request_10 Redirect 1	1490109624976	1490109624981	OK	 
REQUEST	Scenario Name	2		request_1 Redirect 1	1490109624981	1490109624985	OK	 
REQUEST	Scenario Name	3		request_1 Redirect 1	1490109624982	1490109624987	OK	 
REQUEST	Scenario Name	4		request_10	1490109624981	1490109624987	OK	 
REQUEST	Scenario Name	4		request_10 Redirect 1	1490109624987	1490109624992	OK	 
REQUEST	Scenario Name	4		request_1	1490109624993	1490109624997	OK	 
REQUEST	Scenario Name	4		request_1 Redirect 1	1490109624997	1490109625002	OK	 
REQUEST	Scenario Name	1		request_1	1490109625012	1490109625016	OK	 
REQUEST	Scenario Name	1		request_1 Redirect 1	1490109625016	1490109625021	OK	 
REQUEST	Scenario Name	2		request_2	1490109631982	1490109631993	OK	 
REQUEST	Scenario Name	3		request_2	1490109631992	1490109632002	OK	 
REQUEST	Scenario Name	4		request_2	1490109632002	1490109632011	OK	 
REQUEST	Scenario Name	1		request_2	1490109632022	1490109632034	OK	 
REQUEST	Scenario Name	4		request_3	1490109634002	1490109634008	OK	 
REQUEST	Scenario Name	2		request_3	1490109634002	1490109634009	OK	 
REQUEST	Scenario Name	3		request_3	1490109634012	1490109634018	OK	 
REQUEST	Scenario Name	1		request_3	1490109634042	1490109634048	OK	 
USER	Scenario Name	2	END	1490109514223	1490109637006
USER	Scenario Name	4	END	1490109514231	1490109637012
USER	Scenario Name	3	END	1490109514225	1490109637012
USER	Scenario Name	1	END	1490109514182	1490109637041
